<?xml version="1.0" encoding="UTF-8"?>
<!-- Generated by org.testng.reporters.JUnitReportReporter -->
<testsuite skipped="0" hostname="DANYAL-HASSAN" name="com.qa.rta.tests.HomePageTest" tests="2" failures="0" timestamp="17 Jun 2023 14:22:42 GMT" time="13.932" errors="0">
  <testcase name="verifyHomePageTitleTest" time="5.487" classname="com.qa.rta.tests.HomePageTest"/>
  <testcase name="clickSection" time="8.445" classname="com.qa.rta.tests.HomePageTest"/>
</testsuite> <!-- com.qa.rta.tests.HomePageTest -->
