<?xml version="1.0" encoding="UTF-8"?>
<!-- Generated by org.testng.reporters.JUnitReportReporter -->
<testsuite skipped="0" hostname="DANYAL-HASSAN" name="com.qa.rta.tests.HomePageTest" tests="2" failures="0" timestamp="17 Jun 2023 15:53:02 GMT" time="15.095" errors="0">
  <testcase name="verifyHomePageTitleTest" time="7.440" classname="com.qa.rta.tests.HomePageTest"/>
  <testcase name="clickSection" time="7.655" classname="com.qa.rta.tests.HomePageTest"/>
</testsuite> <!-- com.qa.rta.tests.HomePageTest -->
