<?xml version="1.0" encoding="UTF-8"?>
<!-- Generated by org.testng.reporters.JUnitReportReporter -->
<testsuite skipped="0" hostname="DANYAL-HASSAN" name="com.qa.rta.tests.HomePageTest" tests="2" failures="0" timestamp="17 Jun 2023 13:21:38 GMT" time="14.382" errors="0">
  <testcase name="verifyHomePageTitleTest" time="7.635" classname="com.qa.rta.tests.HomePageTest"/>
  <testcase name="clickSection" time="6.747" classname="com.qa.rta.tests.HomePageTest"/>
</testsuite> <!-- com.qa.rta.tests.HomePageTest -->
