<?xml version="1.0" encoding="UTF-8"?>
<!-- Generated by org.testng.reporters.JUnitReportReporter -->
<testsuite skipped="0" hostname="DANYAL-HASSAN" name="com.qa.rta.tests.HomePageTest" tests="2" failures="0" timestamp="16 Jun 2023 19:07:29 GMT" time="16.241" errors="0">
  <testcase name="verifyHomePageTitleTest" time="6.626" classname="com.qa.rta.tests.HomePageTest"/>
  <testcase name="clickSection" time="9.615" classname="com.qa.rta.tests.HomePageTest"/>
</testsuite> <!-- com.qa.rta.tests.HomePageTest -->
